nohup: ignorando entrada

> ecommerce-supabase-ts@1.0.0 api
> ts-node src/api/simple-server.ts

[dotenv@17.2.3] injecting env (2) from .env -- tip: 🔑 add access controls to secrets: https://dotenvx.com/ops
[dotenv@17.2.3] injecting env (0) from .env -- tip: ⚙️  specify custom .env file path with { path: '/custom/path/.env' }
Error: listen EADDRINUSE: address already in use :::3001
    at Server.setupListenHandle [as _listen2] (node:net:1940:16)
    at listenInCluster (node:net:1997:12)
    at Server.listen (node:net:2102:7)
    at Object.<anonymous> (/home/mutneja/Leandro/ecommerce-supabase-ts/src/api/simple-server.ts:106:8)
    at Module._compile (node:internal/modules/cjs/loader:1706:14)
    at Module.m._compile (/home/mutneja/Leandro/ecommerce-supabase-ts/node_modules/ts-node/src/index.ts:1618:23)
    at Module._extensions..js (node:internal/modules/cjs/loader:1839:10)
    at Object.require.extensions.<computed> [as .ts] (/home/mutneja/Leandro/ecommerce-supabase-ts/node_modules/ts-node/src/index.ts:1621:12)
    at Module.load (node:internal/modules/cjs/loader:1441:32)
    at Function.Module._load (node:internal/modules/cjs/loader:1263:12) {
  code: 'EADDRINUSE',
  errno: -98,
  syscall: 'listen',
  address: '::',
  port: 3001
}
